mode: set
github.com/jaredtmartin/bark-go-mongo/collection.go:30.71,32.2 1 1
github.com/jaredtmartin/bark-go-mongo/collection.go:35.89,37.8 2 1
github.com/jaredtmartin/bark-go-mongo/collection.go:37.8,39.3 1 1
github.com/jaredtmartin/bark-go-mongo/collection.go:40.2,40.25 1 1
github.com/jaredtmartin/bark-go-mongo/collection.go:40.25,41.19 1 1
github.com/jaredtmartin/bark-go-mongo/collection.go:41.19,43.4 1 1
github.com/jaredtmartin/bark-go-mongo/collection.go:44.3,45.17 2 1
github.com/jaredtmartin/bark-go-mongo/collection.go:45.17,47.4 1 0
github.com/jaredtmartin/bark-go-mongo/collection.go:48.3,48.39 1 1
github.com/jaredtmartin/bark-go-mongo/collection.go:50.2,50.26 1 1
github.com/jaredtmartin/bark-go-mongo/collection.go:54.113,57.16 3 1
github.com/jaredtmartin/bark-go-mongo/collection.go:57.16,59.3 1 1
github.com/jaredtmartin/bark-go-mongo/collection.go:62.2,63.16 2 1
github.com/jaredtmartin/bark-go-mongo/collection.go:63.16,65.3 1 0
github.com/jaredtmartin/bark-go-mongo/collection.go:66.2,66.49 1 1
github.com/jaredtmartin/bark-go-mongo/collection.go:66.49,68.3 1 0
github.com/jaredtmartin/bark-go-mongo/collection.go:69.2,69.25 1 1
github.com/jaredtmartin/bark-go-mongo/collection.go:69.25,71.3 1 1
github.com/jaredtmartin/bark-go-mongo/collection.go:72.2,72.21 1 1
github.com/jaredtmartin/bark-go-mongo/collection.go:76.80,78.16 2 1
github.com/jaredtmartin/bark-go-mongo/collection.go:78.16,80.3 1 1
github.com/jaredtmartin/bark-go-mongo/collection.go:81.2,83.16 3 1
github.com/jaredtmartin/bark-go-mongo/collection.go:83.16,85.3 1 1
github.com/jaredtmartin/bark-go-mongo/collection.go:86.2,88.17 2 1
github.com/jaredtmartin/bark-go-mongo/collection.go:92.63,94.2 1 1
github.com/jaredtmartin/bark-go-mongo/collection.go:97.82,99.16 2 1
github.com/jaredtmartin/bark-go-mongo/collection.go:99.16,101.3 1 1
github.com/jaredtmartin/bark-go-mongo/collection.go:102.2,102.47 1 1
github.com/jaredtmartin/bark-go-mongo/collection.go:106.128,108.16 2 1
github.com/jaredtmartin/bark-go-mongo/collection.go:108.16,110.3 1 1
github.com/jaredtmartin/bark-go-mongo/collection.go:111.2,112.16 2 1
github.com/jaredtmartin/bark-go-mongo/collection.go:112.16,114.3 1 0
github.com/jaredtmartin/bark-go-mongo/collection.go:115.2,116.16 2 1
github.com/jaredtmartin/bark-go-mongo/collection.go:116.16,118.3 1 0
github.com/jaredtmartin/bark-go-mongo/collection.go:119.2,120.49 2 1
github.com/jaredtmartin/bark-go-mongo/collection.go:120.49,122.3 1 0
github.com/jaredtmartin/bark-go-mongo/collection.go:123.2,123.28 1 1
github.com/jaredtmartin/bark-go-mongo/collection.go:127.72,130.2 2 1
github.com/jaredtmartin/bark-go-mongo/collection.go:133.88,135.16 2 1
github.com/jaredtmartin/bark-go-mongo/collection.go:135.16,137.3 1 1
github.com/jaredtmartin/bark-go-mongo/collection.go:138.2,139.16 2 1
github.com/jaredtmartin/bark-go-mongo/collection.go:139.16,141.3 1 0
github.com/jaredtmartin/bark-go-mongo/collection.go:142.2,142.35 1 1
github.com/jaredtmartin/bark-go-mongo/collection.go:146.89,148.16 2 1
github.com/jaredtmartin/bark-go-mongo/collection.go:148.16,150.3 1 1
github.com/jaredtmartin/bark-go-mongo/collection.go:151.2,152.16 2 1
github.com/jaredtmartin/bark-go-mongo/collection.go:152.16,154.3 1 0
github.com/jaredtmartin/bark-go-mongo/collection.go:155.2,155.35 1 1
github.com/jaredtmartin/bark-go-mongo/common.go:16.138,18.16 2 1
github.com/jaredtmartin/bark-go-mongo/common.go:18.16,20.3 1 0
github.com/jaredtmartin/bark-go-mongo/common.go:21.2,21.48 1 1
github.com/jaredtmartin/bark-go-mongo/common.go:21.48,23.3 1 1
github.com/jaredtmartin/bark-go-mongo/common.go:24.2,24.12 1 1
github.com/jaredtmartin/bark-go-mongo/common.go:28.93,30.2 1 1
github.com/jaredtmartin/bark-go-mongo/common.go:33.155,35.16 2 1
github.com/jaredtmartin/bark-go-mongo/common.go:35.16,37.3 1 1
github.com/jaredtmartin/bark-go-mongo/common.go:38.2,39.20 2 1
github.com/jaredtmartin/bark-go-mongo/common.go:43.122,46.2 2 1
github.com/jaredtmartin/bark-go-mongo/model.go:34.33,36.2 1 1
github.com/jaredtmartin/bark-go-mongo/model.go:38.28,40.2 1 1
github.com/jaredtmartin/bark-go-mongo/model.go:41.59,43.2 1 1
github.com/jaredtmartin/bark-go-mongo/model.go:44.59,46.2 1 1
github.com/jaredtmartin/bark-go-mongo/model.go:49.50,50.25 1 1
github.com/jaredtmartin/bark-go-mongo/model.go:50.25,52.3 1 1
github.com/jaredtmartin/bark-go-mongo/model.go:53.2,53.21 1 1
github.com/jaredtmartin/bark-go-mongo/model.go:55.48,57.2 1 1
github.com/jaredtmartin/bark-go-mongo/model.go:58.44,60.2 1 1
github.com/jaredtmartin/bark-go-mongo/model.go:63.74,65.16 2 1
github.com/jaredtmartin/bark-go-mongo/model.go:65.16,67.3 1 1
github.com/jaredtmartin/bark-go-mongo/model.go:68.2,68.16 1 1
github.com/jaredtmartin/bark-go-mongo/model.go:68.16,70.3 1 1
github.com/jaredtmartin/bark-go-mongo/model.go:71.2,78.16 5 1
github.com/jaredtmartin/bark-go-mongo/model.go:78.16,80.3 1 0
github.com/jaredtmartin/bark-go-mongo/model.go:81.2,96.16 7 1
github.com/jaredtmartin/bark-go-mongo/model.go:96.16,98.3 1 0
github.com/jaredtmartin/bark-go-mongo/model.go:100.2,100.35 1 1
github.com/jaredtmartin/bark-go-mongo/model.go:104.62,106.16 2 1
github.com/jaredtmartin/bark-go-mongo/model.go:106.16,108.3 1 0
github.com/jaredtmartin/bark-go-mongo/model.go:109.2,109.16 1 1
github.com/jaredtmartin/bark-go-mongo/model.go:109.16,111.3 1 1
github.com/jaredtmartin/bark-go-mongo/model.go:112.2,114.16 3 1
github.com/jaredtmartin/bark-go-mongo/model.go:114.16,116.3 1 0
github.com/jaredtmartin/bark-go-mongo/model.go:117.2,117.35 1 1
github.com/jaredtmartin/bark-go-mongo/mongo.go:23.53,29.17 4 1
github.com/jaredtmartin/bark-go-mongo/mongo.go:29.17,31.3 1 1
github.com/jaredtmartin/bark-go-mongo/mongo.go:31.8,33.3 1 1
github.com/jaredtmartin/bark-go-mongo/mongo.go:34.2,34.24 1 1
github.com/jaredtmartin/bark-go-mongo/mongo.go:34.24,35.20 1 1
github.com/jaredtmartin/bark-go-mongo/mongo.go:35.20,37.4 1 0
github.com/jaredtmartin/bark-go-mongo/mongo.go:38.3,39.17 2 1
github.com/jaredtmartin/bark-go-mongo/mongo.go:39.17,41.4 1 0
github.com/jaredtmartin/bark-go-mongo/mongo.go:43.3,43.36 1 1
github.com/jaredtmartin/bark-go-mongo/mongo.go:45.2,45.25 1 1
github.com/jaredtmartin/bark-go-mongo/mongo.go:47.55,50.9 2 1
github.com/jaredtmartin/bark-go-mongo/mongo.go:50.9,52.3 1 0
github.com/jaredtmartin/bark-go-mongo/mongo.go:53.2,54.8 2 1
github.com/jaredtmartin/bark-go-mongo/mongo.go:54.8,56.3 1 0
github.com/jaredtmartin/bark-go-mongo/mongo.go:57.2,57.24 1 1
github.com/jaredtmartin/bark-go-mongo/mongo.go:57.24,59.3 1 1
github.com/jaredtmartin/bark-go-mongo/mongo.go:60.2,60.25 1 1
github.com/jaredtmartin/bark-go-mongo/now.go:8.41,10.9 2 1
github.com/jaredtmartin/bark-go-mongo/now.go:10.9,12.3 1 1
github.com/jaredtmartin/bark-go-mongo/now.go:13.2,14.16 2 1
github.com/jaredtmartin/bark-go-mongo/now.go:14.16,16.3 1 0
github.com/jaredtmartin/bark-go-mongo/now.go:17.2,17.12 1 1
github.com/jaredtmartin/bark-go-mongo/uuid.go:14.20,17.19 2 1
github.com/jaredtmartin/bark-go-mongo/uuid.go:17.19,21.3 3 1
github.com/jaredtmartin/bark-go-mongo/uuid.go:22.2,23.40 2 1
github.com/jaredtmartin/bark-go-mongo/uuid.go:23.40,25.3 1 0
github.com/jaredtmartin/bark-go-mongo/uuid.go:26.2,26.30 1 1
